<?xml version="1.0" encoding="UTF-8"?>
<!-- Generated by org.testng.reporters.JUnitReportReporter -->
<testsuite hostname="MBP-QD3NQ79WVL" failures="0" tests="1" name="com.example.inventoryservice.InventoryServiceApplicationTests" time="0.002" errors="0" timestamp="2023-02-16T15:57:53 IST" skipped="0">
  <testcase classname="com.example.inventoryservice.InventoryServiceApplicationTests" name="contextLoads" time="0.002"/>
  <system-out/>
</testsuite> <!-- com.example.inventoryservice.InventoryServiceApplicationTests -->
